<?xml version="1.0" encoding="UTF-8"?>
<!-- Generated by org.testng.reporters.JUnitReportReporter -->
<testsuite hostname="01HW1889862" failures="0" tests="2" name="example.AKB_Login" time="206.236" errors="0" timestamp="2024-02-09T16:48:06 IST" skipped="0">
  <testcase classname="example.AKB_Login" name="login" time="180.500"/>
  <system-out/>
  <testcase classname="example.AKB_Login" name="signUp" time="25.736"/>
  <system-out/>
</testsuite> <!-- example.AKB_Login -->
